{"contracts\\Election.sol":{"l":{"53":2,"54":2,"62":3,"76":8,"80":4,"81":2,"82":2,"83":2,"97":8,"101":4,"102":2,"103":2,"116":6,"117":2,"118":2,"134":9,"138":5,"139":3,"140":3,"144":1,"145":1,"146":1,"162":0,"174":2},"path":"C:\\Users\\mesma\\Desktop\\Ausbildung\\Master\\Grundlagen Blockchain\\votingdapp\\contracts\\Election.sol","s":{"1":2,"2":2,"3":3,"4":8,"5":4,"6":2,"7":2,"8":2,"9":8,"10":4,"11":2,"12":2,"13":6,"14":2,"15":2,"16":9,"17":5,"18":3,"19":3,"20":1,"21":1,"22":1,"23":0,"24":2},"b":{"1":[4,4],"2":[2,2],"3":[4,4],"4":[2,2],"5":[2,4],"6":[5,4],"7":[3,2],"8":[1,2]},"f":{"1":2,"2":3,"3":8,"4":8,"5":6,"6":9,"7":0,"8":2},"fnMap":{"1":{"name":"initialize","line":52,"loc":{"start":{"line":52,"column":4},"end":{"line":55,"column":4}}},"2":{"name":"getCandidateCount","line":61,"loc":{"start":{"line":61,"column":4},"end":{"line":63,"column":4}}},"3":{"name":"addCandidate","line":75,"loc":{"start":{"line":75,"column":4},"end":{"line":84,"column":4}}},"4":{"name":"startElection","line":96,"loc":{"start":{"line":96,"column":4},"end":{"line":104,"column":4}}},"5":{"name":"stopElection","line":115,"loc":{"start":{"line":115,"column":4},"end":{"line":119,"column":4}}},"6":{"name":"onERC1155Received","line":127,"loc":{"start":{"line":127,"column":4},"end":{"line":147,"column":4}}},"7":{"name":"onERC1155BatchReceived","line":155,"loc":{"start":{"line":155,"column":4},"end":{"line":163,"column":4}}},"8":{"name":"destroy","line":173,"loc":{"start":{"line":173,"column":4},"end":{"line":175,"column":4}}}},"statementMap":{"1":{"start":{"line":53,"column":8},"end":{"line":53,"column":25}},"2":{"start":{"line":54,"column":8},"end":{"line":54,"column":31}},"3":{"start":{"line":62,"column":8},"end":{"line":62,"column":46}},"4":{"start":{"line":76,"column":8},"end":{"line":76,"column":2488}},"5":{"start":{"line":80,"column":8},"end":{"line":80,"column":76}},"6":{"start":{"line":81,"column":8},"end":{"line":81,"column":33}},"7":{"start":{"line":82,"column":8},"end":{"line":82,"column":58}},"8":{"start":{"line":83,"column":8},"end":{"line":83,"column":34}},"9":{"start":{"line":97,"column":8},"end":{"line":97,"column":3220}},"10":{"start":{"line":101,"column":8},"end":{"line":101,"column":76}},"11":{"start":{"line":102,"column":8},"end":{"line":102,"column":40}},"12":{"start":{"line":103,"column":8},"end":{"line":103,"column":39}},"13":{"start":{"line":116,"column":8},"end":{"line":116,"column":71}},"14":{"start":{"line":117,"column":8},"end":{"line":117,"column":42}},"15":{"start":{"line":118,"column":8},"end":{"line":118,"column":39}},"16":{"start":{"line":134,"column":8},"end":{"line":134,"column":4402}},"17":{"start":{"line":138,"column":8},"end":{"line":138,"column":68}},"18":{"start":{"line":139,"column":8},"end":{"line":139,"column":56}},"19":{"start":{"line":140,"column":8},"end":{"line":140,"column":4653}},"20":{"start":{"line":144,"column":8},"end":{"line":144,"column":51}},"21":{"start":{"line":145,"column":8},"end":{"line":145,"column":37}},"22":{"start":{"line":146,"column":8},"end":{"line":146,"column":31}},"23":{"start":{"line":162,"column":8},"end":{"line":162,"column":72}},"24":{"start":{"line":174,"column":8},"end":{"line":174,"column":31}}},"branchMap":{"1":{"line":76,"type":"if","locations":[{"start":{"line":76,"column":8},"end":{"line":76,"column":8}},{"start":{"line":76,"column":8},"end":{"line":76,"column":8}}]},"2":{"line":80,"type":"if","locations":[{"start":{"line":80,"column":8},"end":{"line":80,"column":8}},{"start":{"line":80,"column":8},"end":{"line":80,"column":8}}]},"3":{"line":97,"type":"if","locations":[{"start":{"line":97,"column":8},"end":{"line":97,"column":8}},{"start":{"line":97,"column":8},"end":{"line":97,"column":8}}]},"4":{"line":101,"type":"if","locations":[{"start":{"line":101,"column":8},"end":{"line":101,"column":8}},{"start":{"line":101,"column":8},"end":{"line":101,"column":8}}]},"5":{"line":116,"type":"if","locations":[{"start":{"line":116,"column":8},"end":{"line":116,"column":8}},{"start":{"line":116,"column":8},"end":{"line":116,"column":8}}]},"6":{"line":134,"type":"if","locations":[{"start":{"line":134,"column":8},"end":{"line":134,"column":8}},{"start":{"line":134,"column":8},"end":{"line":134,"column":8}}]},"7":{"line":138,"type":"if","locations":[{"start":{"line":138,"column":8},"end":{"line":138,"column":8}},{"start":{"line":138,"column":8},"end":{"line":138,"column":8}}]},"8":{"line":140,"type":"if","locations":[{"start":{"line":140,"column":8},"end":{"line":140,"column":8}},{"start":{"line":140,"column":8},"end":{"line":140,"column":8}}]}}},"contracts\\ElectionFactory.sol":{"l":{"39":3,"40":3,"48":2,"56":1,"57":1,"65":3,"80":1,"84":1,"85":1,"89":1,"90":1,"91":1,"92":1,"93":1,"97":1,"114":5,"118":3,"122":1,"123":1,"124":1,"125":1,"126":1,"127":1,"128":1,"129":1,"130":1},"path":"C:\\Users\\mesma\\Desktop\\Ausbildung\\Master\\Grundlagen Blockchain\\votingdapp\\contracts\\ElectionFactory.sol","s":{"1":3,"2":3,"3":2,"4":1,"5":1,"6":3,"7":1,"8":1,"9":1,"10":1,"11":1,"12":1,"13":1,"14":1,"15":1,"16":5,"17":3,"18":1,"19":1,"20":1,"21":1,"22":1,"23":1,"24":1,"25":1},"b":{"1":[1,0],"2":[1,0],"3":[1,0],"4":[3,2],"5":[1,2]},"f":{"1":3,"2":2,"3":1,"4":3,"5":1,"6":5},"fnMap":{"1":{"name":"constructor","line":38,"loc":{"start":{"line":38,"column":4},"end":{"line":41,"column":4}}},"2":{"name":"setLibraryAddress","line":47,"loc":{"start":{"line":47,"column":4},"end":{"line":49,"column":4}}},"3":{"name":"getTokenAddress","line":55,"loc":{"start":{"line":55,"column":4},"end":{"line":58,"column":4}}},"4":{"name":"getElectionCount","line":64,"loc":{"start":{"line":64,"column":4},"end":{"line":66,"column":4}}},"5":{"name":"createElection","line":79,"loc":{"start":{"line":79,"column":4},"end":{"line":98,"column":4}}},"6":{"name":"deleteElection","line":113,"loc":{"start":{"line":113,"column":4},"end":{"line":131,"column":4}}}},"statementMap":{"1":{"start":{"line":39,"column":8},"end":{"line":39,"column":47}},"2":{"start":{"line":40,"column":8},"end":{"line":40,"column":39}},"3":{"start":{"line":48,"column":8},"end":{"line":48,"column":39}},"4":{"start":{"line":56,"column":6},"end":{"line":56,"column":68}},"5":{"start":{"line":57,"column":6},"end":{"line":57,"column":39}},"6":{"start":{"line":65,"column":8},"end":{"line":65,"column":48}},"7":{"start":{"line":80,"column":8},"end":{"line":80,"column":2761}},"8":{"start":{"line":84,"column":8},"end":{"line":84,"column":58}},"9":{"start":{"line":85,"column":8},"end":{"line":85,"column":2946}},"10":{"start":{"line":89,"column":8},"end":{"line":89,"column":42}},"11":{"start":{"line":90,"column":8},"end":{"line":90,"column":55}},"12":{"start":{"line":91,"column":8},"end":{"line":91,"column":61}},"13":{"start":{"line":92,"column":8},"end":{"line":92,"column":42}},"14":{"start":{"line":93,"column":8},"end":{"line":93,"column":3288}},"15":{"start":{"line":97,"column":8},"end":{"line":97,"column":42}},"16":{"start":{"line":114,"column":6},"end":{"line":114,"column":4080}},"17":{"start":{"line":118,"column":6},"end":{"line":118,"column":4186}},"18":{"start":{"line":122,"column":6},"end":{"line":122,"column":69}},"19":{"start":{"line":123,"column":6},"end":{"line":123,"column":71}},"20":{"start":{"line":124,"column":6},"end":{"line":124,"column":46}},"21":{"start":{"line":125,"column":6},"end":{"line":125,"column":49}},"22":{"start":{"line":127,"column":6},"end":{"line":127,"column":27}},"23":{"start":{"line":128,"column":6},"end":{"line":128,"column":40}},"24":{"start":{"line":129,"column":6},"end":{"line":129,"column":43}},"25":{"start":{"line":130,"column":6},"end":{"line":130,"column":43}}},"branchMap":{"1":{"line":56,"type":"if","locations":[{"start":{"line":56,"column":6},"end":{"line":56,"column":6}},{"start":{"line":56,"column":6},"end":{"line":56,"column":6}}]},"2":{"line":80,"type":"if","locations":[{"start":{"line":80,"column":8},"end":{"line":80,"column":8}},{"start":{"line":80,"column":8},"end":{"line":80,"column":8}}]},"3":{"line":85,"type":"if","locations":[{"start":{"line":85,"column":8},"end":{"line":85,"column":8}},{"start":{"line":85,"column":8},"end":{"line":85,"column":8}}]},"4":{"line":114,"type":"if","locations":[{"start":{"line":114,"column":6},"end":{"line":114,"column":6}},{"start":{"line":114,"column":6},"end":{"line":114,"column":6}}]},"5":{"line":118,"type":"if","locations":[{"start":{"line":118,"column":6},"end":{"line":118,"column":6}},{"start":{"line":118,"column":6},"end":{"line":118,"column":6}}]}}},"contracts\\utilities\\Bytes.sol":{"l":{"13":3,"14":3,"15":96,"16":96,"18":3},"path":"C:\\Users\\mesma\\Desktop\\Ausbildung\\Master\\Grundlagen Blockchain\\votingdapp\\contracts\\utilities\\Bytes.sol","s":{"1":3,"2":3,"3":96,"4":96,"5":13,"6":3},"b":{"1":[13,83]},"f":{"1":3},"fnMap":{"1":{"name":"toBytes32","line":12,"loc":{"start":{"line":12,"column":2},"end":{"line":19,"column":2}}}},"statementMap":{"1":{"start":{"line":13,"column":6},"end":{"line":13,"column":17}},"2":{"start":{"line":14,"column":6},"end":{"line":14,"column":442}},"3":{"start":{"line":15,"column":10},"end":{"line":15,"column":19}},"4":{"start":{"line":16,"column":10},"end":{"line":16,"column":52}},"5":{"start":{"line":16,"column":31},"end":{"line":16,"column":51}},"6":{"start":{"line":18,"column":6},"end":{"line":18,"column":25}}},"branchMap":{"1":{"line":16,"type":"if","locations":[{"start":{"line":16,"column":10},"end":{"line":16,"column":10}},{"start":{"line":16,"column":10},"end":{"line":16,"column":10}}]}}},"contracts\\utilities\\CloneFactory.sol":{"l":{"31":1,"32":1},"path":"C:\\Users\\mesma\\Desktop\\Ausbildung\\Master\\Grundlagen Blockchain\\votingdapp\\contracts\\utilities\\CloneFactory.sol","s":{"1":1},"b":{},"f":{"1":1},"fnMap":{"1":{"name":"createClone","line":30,"loc":{"start":{"line":30,"column":2},"end":{"line":39,"column":2}}}},"statementMap":{"1":{"start":{"line":31,"column":4},"end":{"line":31,"column":41}}},"branchMap":{}},"contracts\\utilities\\InitializeOwnable.sol":{"l":{"17":2},"path":"C:\\Users\\mesma\\Desktop\\Ausbildung\\Master\\Grundlagen Blockchain\\votingdapp\\contracts\\utilities\\InitializeOwnable.sol","s":{"1":2},"b":{},"f":{"1":2},"fnMap":{"1":{"name":"initialize","line":16,"loc":{"start":{"line":16,"column":2},"end":{"line":18,"column":2}}}},"statementMap":{"1":{"start":{"line":17,"column":4},"end":{"line":17,"column":17}}},"branchMap":{}},"contracts\\utilities\\Migrations.sol":{"l":{"9":1,"13":3,"17":1},"path":"C:\\Users\\mesma\\Desktop\\Ausbildung\\Master\\Grundlagen Blockchain\\votingdapp\\contracts\\utilities\\Migrations.sol","s":{"1":1,"2":3,"3":1},"b":{"1":[1,0]},"f":{"1":1,"2":3,"3":1},"fnMap":{"1":{"name":"restricted","line":8,"loc":{"start":{"line":8,"column":2},"end":{"line":10,"column":2}}},"2":{"name":"constructor","line":12,"loc":{"start":{"line":12,"column":2},"end":{"line":14,"column":2}}},"3":{"name":"setCompleted","line":16,"loc":{"start":{"line":16,"column":2},"end":{"line":18,"column":2}}}},"statementMap":{"1":{"start":{"line":9,"column":4},"end":{"line":9,"column":30}},"2":{"start":{"line":13,"column":4},"end":{"line":13,"column":21}},"3":{"start":{"line":17,"column":4},"end":{"line":17,"column":39}}},"branchMap":{"1":{"line":9,"type":"if","locations":[{"start":{"line":9,"column":4},"end":{"line":9,"column":4}},{"start":{"line":9,"column":4},"end":{"line":9,"column":4}}]}}},"contracts\\utilities\\Ownable.sol":{"l":{"14":9,"19":54,"23":40},"path":"C:\\Users\\mesma\\Desktop\\Ausbildung\\Master\\Grundlagen Blockchain\\votingdapp\\contracts\\utilities\\Ownable.sol","s":{"1":9,"2":54},"b":{"1":[40,14]},"f":{"1":9,"2":54},"fnMap":{"1":{"name":"constructor","line":13,"loc":{"start":{"line":13,"column":2},"end":{"line":15,"column":2}}},"2":{"name":"onlyOwner","line":18,"loc":{"start":{"line":18,"column":2},"end":{"line":24,"column":2}}}},"statementMap":{"1":{"start":{"line":14,"column":4},"end":{"line":14,"column":21}},"2":{"start":{"line":19,"column":4},"end":{"line":19,"column":470}}},"branchMap":{"1":{"line":19,"type":"if","locations":[{"start":{"line":19,"column":4},"end":{"line":19,"column":4}},{"start":{"line":19,"column":4},"end":{"line":19,"column":4}}]}}},"contracts\\VoteToken.sol":{"l":{"41":5,"46":5,"58":6,"59":6,"60":6,"61":6,"62":6,"75":2,"76":2,"77":0,"81":2,"95":5,"96":5,"97":5,"111":4,"112":4,"113":4,"127":1,"128":1,"129":1,"140":10,"141":8},"path":"C:\\Users\\mesma\\Desktop\\Ausbildung\\Master\\Grundlagen Blockchain\\votingdapp\\contracts\\VoteToken.sol","s":{"1":5,"2":6,"3":6,"4":6,"5":6,"6":6,"7":2,"8":2,"9":5,"10":5,"11":5,"12":4,"13":4,"14":4,"15":1,"16":1,"17":1,"18":10,"19":8},"b":{"1":[5,0],"2":[6,0],"3":[2,0],"4":[5,0],"5":[8,2]},"f":{"1":3,"2":5,"3":6,"4":2,"5":5,"6":4,"7":1,"8":10},"fnMap":{"1":{"name":"constructor","line":35,"loc":{"start":{"line":35,"column":4},"end":{"line":35,"column":60}}},"2":{"name":"onlyNewRequests","line":40,"loc":{"start":{"line":40,"column":4},"end":{"line":47,"column":4}}},"3":{"name":"addElection","line":57,"loc":{"start":{"line":57,"column":4},"end":{"line":63,"column":4}}},"4":{"name":"delElection","line":74,"loc":{"start":{"line":74,"column":4},"end":{"line":82,"column":4}}},"5":{"name":"setRequestor","line":93,"loc":{"start":{"line":92,"column":4},"end":{"line":98,"column":4}}},"6":{"name":"getVoteToken","line":110,"loc":{"start":{"line":110,"column":4},"end":{"line":114,"column":4}}},"7":{"name":"delegateVoteToken","line":126,"loc":{"start":{"line":126,"column":4},"end":{"line":130,"column":4}}},"8":{"name":"getID","line":139,"loc":{"start":{"line":139,"column":4},"end":{"line":142,"column":4}}}},"statementMap":{"1":{"start":{"line":41,"column":8},"end":{"line":41,"column":1271}},"2":{"start":{"line":58,"column":8},"end":{"line":58,"column":74}},"3":{"start":{"line":59,"column":8},"end":{"line":59,"column":35}},"4":{"start":{"line":60,"column":8},"end":{"line":60,"column":50}},"5":{"start":{"line":61,"column":8},"end":{"line":61,"column":47}},"6":{"start":{"line":62,"column":8},"end":{"line":62,"column":44}},"7":{"start":{"line":75,"column":8},"end":{"line":75,"column":73}},"8":{"start":{"line":76,"column":8},"end":{"line":76,"column":2332}},"9":{"start":{"line":95,"column":8},"end":{"line":95,"column":73}},"10":{"start":{"line":96,"column":8},"end":{"line":96,"column":64}},"11":{"start":{"line":97,"column":8},"end":{"line":97,"column":56}},"12":{"start":{"line":111,"column":8},"end":{"line":111,"column":42}},"13":{"start":{"line":112,"column":8},"end":{"line":112,"column":65}},"14":{"start":{"line":113,"column":8},"end":{"line":113,"column":29}},"15":{"start":{"line":127,"column":8},"end":{"line":127,"column":42}},"16":{"start":{"line":128,"column":8},"end":{"line":128,"column":64}},"17":{"start":{"line":129,"column":8},"end":{"line":129,"column":29}},"18":{"start":{"line":140,"column":8},"end":{"line":140,"column":73}},"19":{"start":{"line":141,"column":8},"end":{"line":141,"column":47}}},"branchMap":{"1":{"line":41,"type":"if","locations":[{"start":{"line":41,"column":8},"end":{"line":41,"column":8}},{"start":{"line":41,"column":8},"end":{"line":41,"column":8}}]},"2":{"line":58,"type":"if","locations":[{"start":{"line":58,"column":8},"end":{"line":58,"column":8}},{"start":{"line":58,"column":8},"end":{"line":58,"column":8}}]},"3":{"line":75,"type":"if","locations":[{"start":{"line":75,"column":8},"end":{"line":75,"column":8}},{"start":{"line":75,"column":8},"end":{"line":75,"column":8}}]},"4":{"line":95,"type":"if","locations":[{"start":{"line":95,"column":8},"end":{"line":95,"column":8}},{"start":{"line":95,"column":8},"end":{"line":95,"column":8}}]},"5":{"line":140,"type":"if","locations":[{"start":{"line":140,"column":8},"end":{"line":140,"column":8}},{"start":{"line":140,"column":8},"end":{"line":140,"column":8}}]}}}}