TN:
SF:C:\Users\mesma\Desktop\Ausbildung\Master\Grundlagen Blockchain\votingdapp\contracts\Election.sol
FN:52,initialize
FN:61,getCandidateCount
FN:75,addCandidate
FN:96,startElection
FN:115,stopElection
FN:127,onERC1155Received
FN:155,onERC1155BatchReceived
FN:173,destroy
FNF:8
FNH:7
FNDA:2,initialize
FNDA:3,getCandidateCount
FNDA:8,addCandidate
FNDA:8,startElection
FNDA:6,stopElection
FNDA:9,onERC1155Received
FNDA:0,onERC1155BatchReceived
FNDA:2,destroy
DA:53,2
DA:54,2
DA:62,3
DA:76,8
DA:80,4
DA:81,2
DA:82,2
DA:83,2
DA:97,8
DA:101,4
DA:102,2
DA:103,2
DA:116,6
DA:117,2
DA:118,2
DA:134,9
DA:138,5
DA:139,3
DA:140,3
DA:144,1
DA:145,1
DA:146,1
DA:162,0
DA:174,2
LF:24
LH:23
BRDA:76,1,0,4
BRDA:76,1,1,4
BRDA:80,2,0,2
BRDA:80,2,1,2
BRDA:97,3,0,4
BRDA:97,3,1,4
BRDA:101,4,0,2
BRDA:101,4,1,2
BRDA:116,5,0,2
BRDA:116,5,1,4
BRDA:134,6,0,5
BRDA:134,6,1,4
BRDA:138,7,0,3
BRDA:138,7,1,2
BRDA:140,8,0,1
BRDA:140,8,1,2
BRF:16
BRH:16
end_of_record
TN:
SF:C:\Users\mesma\Desktop\Ausbildung\Master\Grundlagen Blockchain\votingdapp\contracts\ElectionFactory.sol
FN:38,constructor
FN:47,setLibraryAddress
FN:55,getTokenAddress
FN:64,getElectionCount
FN:79,createElection
FN:113,deleteElection
FNF:6
FNH:6
FNDA:3,constructor
FNDA:2,setLibraryAddress
FNDA:1,getTokenAddress
FNDA:3,getElectionCount
FNDA:1,createElection
FNDA:5,deleteElection
DA:39,3
DA:40,3
DA:48,2
DA:56,1
DA:57,1
DA:65,3
DA:80,1
DA:84,1
DA:85,1
DA:89,1
DA:90,1
DA:91,1
DA:92,1
DA:93,1
DA:97,1
DA:114,5
DA:118,3
DA:122,1
DA:123,1
DA:124,1
DA:125,1
DA:126,1
DA:127,1
DA:128,1
DA:129,1
DA:130,1
LF:26
LH:26
BRDA:56,1,0,1
BRDA:56,1,1,0
BRDA:80,2,0,1
BRDA:80,2,1,0
BRDA:85,3,0,1
BRDA:85,3,1,0
BRDA:114,4,0,3
BRDA:114,4,1,2
BRDA:118,5,0,1
BRDA:118,5,1,2
BRF:10
BRH:7
end_of_record
TN:
SF:C:\Users\mesma\Desktop\Ausbildung\Master\Grundlagen Blockchain\votingdapp\contracts\utilities\Bytes.sol
FN:12,toBytes32
FNF:1
FNH:1
FNDA:3,toBytes32
DA:13,3
DA:14,3
DA:15,96
DA:16,96
DA:18,3
LF:5
LH:5
BRDA:16,1,0,13
BRDA:16,1,1,83
BRF:2
BRH:2
end_of_record
TN:
SF:C:\Users\mesma\Desktop\Ausbildung\Master\Grundlagen Blockchain\votingdapp\contracts\utilities\CloneFactory.sol
FN:30,createClone
FNF:1
FNH:1
FNDA:1,createClone
DA:31,1
DA:32,1
LF:2
LH:2
BRF:0
BRH:0
end_of_record
TN:
SF:C:\Users\mesma\Desktop\Ausbildung\Master\Grundlagen Blockchain\votingdapp\contracts\utilities\InitializeOwnable.sol
FN:16,initialize
FNF:1
FNH:1
FNDA:2,initialize
DA:17,2
LF:1
LH:1
BRF:0
BRH:0
end_of_record
TN:
SF:C:\Users\mesma\Desktop\Ausbildung\Master\Grundlagen Blockchain\votingdapp\contracts\utilities\Migrations.sol
FN:8,restricted
FN:12,constructor
FN:16,setCompleted
FNF:3
FNH:3
FNDA:1,restricted
FNDA:3,constructor
FNDA:1,setCompleted
DA:9,1
DA:13,3
DA:17,1
LF:3
LH:3
BRDA:9,1,0,1
BRDA:9,1,1,0
BRF:2
BRH:1
end_of_record
TN:
SF:C:\Users\mesma\Desktop\Ausbildung\Master\Grundlagen Blockchain\votingdapp\contracts\utilities\Ownable.sol
FN:13,constructor
FN:18,onlyOwner
FNF:2
FNH:2
FNDA:9,constructor
FNDA:54,onlyOwner
DA:14,9
DA:19,54
DA:23,40
LF:3
LH:3
BRDA:19,1,0,40
BRDA:19,1,1,14
BRF:2
BRH:2
end_of_record
TN:
SF:C:\Users\mesma\Desktop\Ausbildung\Master\Grundlagen Blockchain\votingdapp\contracts\VoteToken.sol
FN:35,constructor
FN:40,onlyNewRequests
FN:57,addElection
FN:74,delElection
FN:93,setRequestor
FN:110,getVoteToken
FN:126,delegateVoteToken
FN:139,getID
FNF:8
FNH:8
FNDA:3,constructor
FNDA:5,onlyNewRequests
FNDA:6,addElection
FNDA:2,delElection
FNDA:5,setRequestor
FNDA:4,getVoteToken
FNDA:1,delegateVoteToken
FNDA:10,getID
DA:41,5
DA:46,5
DA:58,6
DA:59,6
DA:60,6
DA:61,6
DA:62,6
DA:75,2
DA:76,2
DA:77,0
DA:81,2
DA:95,5
DA:96,5
DA:97,5
DA:111,4
DA:112,4
DA:113,4
DA:127,1
DA:128,1
DA:129,1
DA:140,10
DA:141,8
LF:22
LH:21
BRDA:41,1,0,5
BRDA:41,1,1,0
BRDA:58,2,0,6
BRDA:58,2,1,0
BRDA:75,3,0,2
BRDA:75,3,1,0
BRDA:95,4,0,5
BRDA:95,4,1,0
BRDA:140,5,0,8
BRDA:140,5,1,2
BRF:10
BRH:6
end_of_record
